11:37:04.060466 ASNLookup: check callback failed for the configuration
11:37:04.060466 ZoomEye: check callback failed for the configuration
11:37:04.060466 C99: check callback failed for the configuration
11:37:04.060466 Censys: check callback failed for the configuration
11:37:04.060466 BuiltWith: check callback failed for the configuration
11:37:04.060466 CertCentral: check callback failed for the configuration
11:37:04.060466 360PassiveDNS: check callback failed for the configuration
11:37:04.060466 CIRCL: check callback failed for the configuration
11:37:04.060466 BigDataCloud: check callback failed for the configuration
11:37:04.060466 BeVigil: check callback failed for the configuration
11:37:04.060466 Chaos: check callback failed for the configuration
11:37:04.060466 Hunter: check callback failed for the configuration
11:37:04.060466 Pastebin: check callback failed for the configuration
11:37:04.060466 PentestTools: check callback failed for the configuration
11:37:04.060466 IPdata: check callback failed for the configuration
11:37:04.060466 SOCRadar: check callback failed for the configuration
11:37:04.060466 PassiveTotal: check callback failed for the configuration
11:37:04.060466 PublicWWW: check callback failed for the configuration
11:37:04.060466 IPinfo: check callback failed for the configuration
11:37:04.060466 SecurityTrails: check callback failed for the configuration
11:37:04.060466 IntelX: check callback failed for the configuration
11:37:04.060466 Quake: check callback failed for the configuration
11:37:04.060466 ThreatBook: check callback failed for the configuration
11:37:04.060466 Shodan: check callback failed for the configuration
11:37:04.060466 Spamhaus: check callback failed for the configuration
11:37:04.060466 Yandex: check callback failed for the configuration
11:37:04.060466 Netlas: check callback failed for the configuration
11:37:04.060466 WhoisXMLAPI: check callback failed for the configuration
11:37:04.060466 ONYPHE: check callback failed for the configuration
11:37:04.060466 ZETAlytics: check callback failed for the configuration
11:37:04.060466 DNSlytics: check callback failed for the configuration
11:37:04.060466 DNSDB: check callback failed for the configuration
11:37:04.060466 VirusTotal: check callback failed for the configuration
11:37:04.060466 GitHub: check callback failed for the configuration
11:37:04.060466 Deepinfo: check callback failed for the configuration
11:37:04.060466 FOFA: check callback failed for the configuration
11:37:04.060466 Detectify: check callback failed for the configuration
11:37:04.060466 GitLab: check callback failed for the configuration
11:37:04.060466 DNSRepo: check callback failed for the configuration
11:37:04.060466 FullHunt: check callback failed for the configuration
11:37:04.060466 FacebookCT: check callback failed for the configuration
11:37:04.060466 BinaryEdge: check callback failed for the configuration
11:37:04.060466 BufferOver: check callback failed for the configuration
11:37:04.060466 Ahrefs: check callback failed for the configuration
11:37:06.147465 AskDNS: horizontal request to service returned with status code: 403 Forbidden
11:37:07.047016 SpyOnWeb: horizontal request to service returned with status code: 502 Bad Gateway
