Starting the application
Index route accessed
Index route accessed
404 error: 404 Not Found: The requested URL was not found on the server. If you entered the URL manually please check your spelling and try again., URL: http://127.0.0.1:5000/static/particles.js, Method: GET
Search route accessed
Enumerate route accessed
Starting the application
Index route accessed
404 error: 404 Not Found: The requested URL was not found on the server. If you entered the URL manually please check your spelling and try again., URL: http://127.0.0.1:5000/static/particles.js, Method: GET
Search route accessed
Index route accessed
404 error: 404 Not Found: The requested URL was not found on the server. If you entered the URL manually please check your spelling and try again., URL: http://127.0.0.1:5000/static/particles.js, Method: GET
Search route accessed
Enumerate route accessed
Enumeration status route accessed for domain: https://www.ensigninfosecurity.com/
Enumeration status route accessed for domain: https://www.ensigninfosecurity.com/
Enumeration status route accessed for domain: https://www.ensigninfosecurity.com/
Enumeration status route accessed for domain: https://www.ensigninfosecurity.com/
Enumeration status route accessed for domain: https://www.ensigninfosecurity.com/
Enumeration status route accessed for domain: https://www.ensigninfosecurity.com/
Enumeration status route accessed for domain: https://www.ensigninfosecurity.com/
Enumeration status route accessed for domain: https://www.ensigninfosecurity.com/
Enumeration status route accessed for domain: https://www.ensigninfosecurity.com/
Enumeration status route accessed for domain: https://www.ensigninfosecurity.com/
Enumeration status route accessed for domain: https://www.ensigninfosecurity.com/
Enumeration status route accessed for domain: https://www.ensigninfosecurity.com/
Enumeration status route accessed for domain: https://www.ensigninfosecurity.com/
Enumeration status route accessed for domain: https://www.ensigninfosecurity.com/
Enumeration status route accessed for domain: https://www.ensigninfosecurity.com/
Enumeration status route accessed for domain: https://www.ensigninfosecurity.com/
Enumeration status route accessed for domain: https://www.ensigninfosecurity.com/
Enumeration status route accessed for domain: https://www.ensigninfosecurity.com/
Enumeration status route accessed for domain: https://www.ensigninfosecurity.com/
Enumeration status route accessed for domain: https://www.ensigninfosecurity.com/
Enumeration status route accessed for domain: https://www.ensigninfosecurity.com/
Enumeration status route accessed for domain: https://www.ensigninfosecurity.com/
Enumeration status route accessed for domain: https://www.ensigninfosecurity.com/
Enumeration status route accessed for domain: https://www.ensigninfosecurity.com/
Enumeration status route accessed for domain: https://www.ensigninfosecurity.com/
Enumeration status route accessed for domain: https://www.ensigninfosecurity.com/
Enumeration status route accessed for domain: https://www.ensigninfosecurity.com/
Enumeration status route accessed for domain: https://www.ensigninfosecurity.com/
Enumeration status route accessed for domain: https://www.ensigninfosecurity.com/
Enumeration status route accessed for domain: https://www.ensigninfosecurity.com/
Enumeration status route accessed for domain: https://www.ensigninfosecurity.com/
Enumeration status route accessed for domain: https://www.ensigninfosecurity.com/
Enumeration status route accessed for domain: https://www.ensigninfosecurity.com/
Enumeration status route accessed for domain: https://www.ensigninfosecurity.com/
Enumeration status route accessed for domain: https://www.ensigninfosecurity.com/
Enumeration status route accessed for domain: https://www.ensigninfosecurity.com/
Enumeration status route accessed for domain: https://www.ensigninfosecurity.com/
Enumeration status route accessed for domain: https://www.ensigninfosecurity.com/
Enumeration status route accessed for domain: https://www.ensigninfosecurity.com/
Enumeration status route accessed for domain: https://www.ensigninfosecurity.com/
Enumeration status route accessed for domain: https://www.ensigninfosecurity.com/
Enumeration status route accessed for domain: https://www.ensigninfosecurity.com/
Enumeration status route accessed for domain: https://www.ensigninfosecurity.com/
Enumeration status route accessed for domain: https://www.ensigninfosecurity.com/
Enumeration status route accessed for domain: https://www.ensigninfosecurity.com/
Enumeration status route accessed for domain: https://www.ensigninfosecurity.com/
Enumeration status route accessed for domain: https://www.ensigninfosecurity.com/
Enumeration status route accessed for domain: https://www.ensigninfosecurity.com/
Enumeration status route accessed for domain: https://www.ensigninfosecurity.com/
Enumeration status route accessed for domain: https://www.ensigninfosecurity.com/
Starting the application
Index route accessed
404 error: 404 Not Found: The requested URL was not found on the server. If you entered the URL manually please check your spelling and try again., URL: http://127.0.0.1:5000/static/particles.js, Method: GET
404 error: 404 Not Found: The requested URL was not found on the server. If you entered the URL manually please check your spelling and try again., URL: http://127.0.0.1:5000/favicon.ico, Method: GET
Search route accessed
Enumerate route accessed
Enumeration status route accessed for domain: https://sg.linkedin.com/company/ensign-infosecurity
Enumeration status route accessed for domain: https://sg.linkedin.com/company/ensign-infosecurity
Enumeration status route accessed for domain: https://sg.linkedin.com/company/ensign-infosecurity
Enumeration status route accessed for domain: https://sg.linkedin.com/company/ensign-infosecurity
Enumeration status route accessed for domain: https://sg.linkedin.com/company/ensign-infosecurity
Enumeration status route accessed for domain: https://sg.linkedin.com/company/ensign-infosecurity
Enumeration status route accessed for domain: https://sg.linkedin.com/company/ensign-infosecurity
Enumeration status route accessed for domain: https://sg.linkedin.com/company/ensign-infosecurity
Enumeration status route accessed for domain: https://sg.linkedin.com/company/ensign-infosecurity
Enumeration status route accessed for domain: https://sg.linkedin.com/company/ensign-infosecurity
Enumeration status route accessed for domain: https://sg.linkedin.com/company/ensign-infosecurity
Enumeration status route accessed for domain: https://sg.linkedin.com/company/ensign-infosecurity
Enumeration status route accessed for domain: https://sg.linkedin.com/company/ensign-infosecurity
Enumeration status route accessed for domain: https://sg.linkedin.com/company/ensign-infosecurity
Enumeration status route accessed for domain: https://sg.linkedin.com/company/ensign-infosecurity
Enumeration status route accessed for domain: https://sg.linkedin.com/company/ensign-infosecurity
Enumeration status route accessed for domain: https://sg.linkedin.com/company/ensign-infosecurity
Enumeration status route accessed for domain: https://sg.linkedin.com/company/ensign-infosecurity
Enumeration status route accessed for domain: https://sg.linkedin.com/company/ensign-infosecurity
Enumeration status route accessed for domain: https://sg.linkedin.com/company/ensign-infosecurity
Enumeration status route accessed for domain: https://sg.linkedin.com/company/ensign-infosecurity
Enumeration status route accessed for domain: https://sg.linkedin.com/company/ensign-infosecurity
Enumeration status route accessed for domain: https://sg.linkedin.com/company/ensign-infosecurity
Enumeration status route accessed for domain: https://sg.linkedin.com/company/ensign-infosecurity
Enumeration status route accessed for domain: https://sg.linkedin.com/company/ensign-infosecurity
Enumeration status route accessed for domain: https://sg.linkedin.com/company/ensign-infosecurity
Enumeration status route accessed for domain: https://sg.linkedin.com/company/ensign-infosecurity
Enumeration status route accessed for domain: https://sg.linkedin.com/company/ensign-infosecurity
Enumeration status route accessed for domain: https://sg.linkedin.com/company/ensign-infosecurity
Enumeration status route accessed for domain: https://sg.linkedin.com/company/ensign-infosecurity
Enumeration status route accessed for domain: https://sg.linkedin.com/company/ensign-infosecurity
Enumeration status route accessed for domain: https://sg.linkedin.com/company/ensign-infosecurity
Enumeration status route accessed for domain: https://sg.linkedin.com/company/ensign-infosecurity
Enumeration status route accessed for domain: https://sg.linkedin.com/company/ensign-infosecurity
Enumeration status route accessed for domain: https://sg.linkedin.com/company/ensign-infosecurity
Enumeration status route accessed for domain: https://sg.linkedin.com/company/ensign-infosecurity
Enumeration status route accessed for domain: https://sg.linkedin.com/company/ensign-infosecurity
Enumeration status route accessed for domain: https://sg.linkedin.com/company/ensign-infosecurity
Enumeration status route accessed for domain: https://sg.linkedin.com/company/ensign-infosecurity
Enumeration status route accessed for domain: https://sg.linkedin.com/company/ensign-infosecurity
Enumeration status route accessed for domain: https://sg.linkedin.com/company/ensign-infosecurity
Enumeration status route accessed for domain: https://sg.linkedin.com/company/ensign-infosecurity
Enumeration status route accessed for domain: https://sg.linkedin.com/company/ensign-infosecurity
Enumeration status route accessed for domain: https://sg.linkedin.com/company/ensign-infosecurity
Enumeration status route accessed for domain: https://sg.linkedin.com/company/ensign-infosecurity
Enumeration status route accessed for domain: https://sg.linkedin.com/company/ensign-infosecurity
Enumeration status route accessed for domain: https://sg.linkedin.com/company/ensign-infosecurity
Enumeration status route accessed for domain: https://sg.linkedin.com/company/ensign-infosecurity
Enumeration status route accessed for domain: https://sg.linkedin.com/company/ensign-infosecurity
Enumeration status route accessed for domain: https://sg.linkedin.com/company/ensign-infosecurity
Index route accessed
404 error: 404 Not Found: The requested URL was not found on the server. If you entered the URL manually please check your spelling and try again., URL: http://127.0.0.1:5000/static/particles.js, Method: GET
Index route accessed
404 error: 404 Not Found: The requested URL was not found on the server. If you entered the URL manually please check your spelling and try again., URL: http://127.0.0.1:5000/static/particles.js, Method: GET
Search route accessed
Enumerate route accessed
Index route accessed
404 error: 404 Not Found: The requested URL was not found on the server. If you entered the URL manually please check your spelling and try again., URL: http://127.0.0.1:5000/static/particles.js, Method: GET
404 error: 404 Not Found: The requested URL was not found on the server. If you entered the URL manually please check your spelling and try again., URL: http://127.0.0.1:5000/favicon.ico, Method: GET
Search route accessed
Enumerate route accessed
Starting the application
Index route accessed
404 error: 404 Not Found: The requested URL was not found on the server. If you entered the URL manually please check your spelling and try again., URL: http://127.0.0.1:5000/static/particles.js, Method: GET
Search route accessed
Enumerate route accessed
Enumeration status route accessed for domain: https://www.ensigninfosecurity.com/
Enumeration status route accessed for domain: https://www.ensigninfosecurity.com/
Enumeration status route accessed for domain: https://www.ensigninfosecurity.com/
Enumeration status route accessed for domain: https://www.ensigninfosecurity.com/
Enumeration status route accessed for domain: https://www.ensigninfosecurity.com/
Enumeration status route accessed for domain: https://www.ensigninfosecurity.com/
Enumeration status route accessed for domain: https://www.ensigninfosecurity.com/
Enumeration status route accessed for domain: https://www.ensigninfosecurity.com/
Enumeration status route accessed for domain: https://www.ensigninfosecurity.com/
Enumeration status route accessed for domain: https://www.ensigninfosecurity.com/
Enumeration status route accessed for domain: https://www.ensigninfosecurity.com/
Enumeration status route accessed for domain: https://www.ensigninfosecurity.com/
Enumeration status route accessed for domain: https://www.ensigninfosecurity.com/
Enumeration status route accessed for domain: https://www.ensigninfosecurity.com/
Enumeration status route accessed for domain: https://www.ensigninfosecurity.com/
Enumeration status route accessed for domain: https://www.ensigninfosecurity.com/
Enumeration status route accessed for domain: https://www.ensigninfosecurity.com/
Enumeration status route accessed for domain: https://www.ensigninfosecurity.com/
Enumeration status route accessed for domain: https://www.ensigninfosecurity.com/
Enumeration status route accessed for domain: https://www.ensigninfosecurity.com/
Enumeration status route accessed for domain: https://www.ensigninfosecurity.com/
Enumeration status route accessed for domain: https://www.ensigninfosecurity.com/
Enumeration status route accessed for domain: https://www.ensigninfosecurity.com/
Enumeration status route accessed for domain: https://www.ensigninfosecurity.com/
Enumeration status route accessed for domain: https://www.ensigninfosecurity.com/
Enumeration status route accessed for domain: https://www.ensigninfosecurity.com/
Enumeration status route accessed for domain: https://www.ensigninfosecurity.com/
Enumeration status route accessed for domain: https://www.ensigninfosecurity.com/
Enumeration status route accessed for domain: https://www.ensigninfosecurity.com/
Enumeration status route accessed for domain: https://www.ensigninfosecurity.com/
Enumeration status route accessed for domain: https://www.ensigninfosecurity.com/
Enumeration status route accessed for domain: https://www.ensigninfosecurity.com/
Enumeration status route accessed for domain: https://www.ensigninfosecurity.com/
Enumeration status route accessed for domain: https://www.ensigninfosecurity.com/
Enumeration status route accessed for domain: https://www.ensigninfosecurity.com/
Enumeration status route accessed for domain: https://www.ensigninfosecurity.com/
Enumeration status route accessed for domain: https://www.ensigninfosecurity.com/
Enumeration status route accessed for domain: https://www.ensigninfosecurity.com/
Enumeration status route accessed for domain: https://www.ensigninfosecurity.com/
Enumeration status route accessed for domain: https://www.ensigninfosecurity.com/
Enumeration status route accessed for domain: https://www.ensigninfosecurity.com/
Enumeration status route accessed for domain: https://www.ensigninfosecurity.com/
Enumeration status route accessed for domain: https://www.ensigninfosecurity.com/
Enumeration status route accessed for domain: https://www.ensigninfosecurity.com/
Enumeration status route accessed for domain: https://www.ensigninfosecurity.com/
Enumeration status route accessed for domain: https://www.ensigninfosecurity.com/
Enumeration status route accessed for domain: https://www.ensigninfosecurity.com/
Enumeration status route accessed for domain: https://www.ensigninfosecurity.com/
Enumeration status route accessed for domain: https://www.ensigninfosecurity.com/
Enumeration status route accessed for domain: https://www.ensigninfosecurity.com/
Enumeration status route accessed for domain: https://www.ensigninfosecurity.com/
Enumeration status route accessed for domain: https://www.ensigninfosecurity.com/
Enumeration status route accessed for domain: https://www.ensigninfosecurity.com/
Enumeration status route accessed for domain: https://www.ensigninfosecurity.com/
Enumeration status route accessed for domain: https://www.ensigninfosecurity.com/
Enumeration status route accessed for domain: https://www.ensigninfosecurity.com/
Enumeration status route accessed for domain: https://www.ensigninfosecurity.com/
Enumeration status route accessed for domain: https://www.ensigninfosecurity.com/
Enumeration status route accessed for domain: https://www.ensigninfosecurity.com/
Enumeration status route accessed for domain: https://www.ensigninfosecurity.com/
Enumeration status route accessed for domain: https://www.ensigninfosecurity.com/
Enumeration status route accessed for domain: https://www.ensigninfosecurity.com/
Enumeration status route accessed for domain: https://www.ensigninfosecurity.com/
Enumeration status route accessed for domain: https://www.ensigninfosecurity.com/
Enumeration status route accessed for domain: https://www.ensigninfosecurity.com/
Enumeration status route accessed for domain: https://www.ensigninfosecurity.com/
Enumeration status route accessed for domain: https://www.ensigninfosecurity.com/
Enumeration status route accessed for domain: https://www.ensigninfosecurity.com/
Enumerate route accessed
Enumeration status route accessed for domain: https://www.ensigninfosecurity.com/
Enumeration status route accessed for domain: https://www.ensigninfosecurity.com/
Index route accessed
404 error: 404 Not Found: The requested URL was not found on the server. If you entered the URL manually please check your spelling and try again., URL: http://127.0.0.1:5000/static/particles.js, Method: GET
Export route accessed
404 error: 404 Not Found: The requested URL was not found on the server. If you entered the URL manually please check your spelling and try again., URL: http://127.0.0.1:5000/static/particles.js, Method: GET
Starting the application
Index route accessed
404 error: 404 Not Found: The requested URL was not found on the server. If you entered the URL manually please check your spelling and try again., URL: http://127.0.0.1:5000/static/particles.js, Method: GET
404 error: 404 Not Found: The requested URL was not found on the server. If you entered the URL manually please check your spelling and try again., URL: http://127.0.0.1:5000/favicon.ico, Method: GET
Search route accessed
Enumerate route accessed
Enumeration status route accessed for domain: https://www.ensigninfosecurity.com/
Enumeration status route accessed for domain: https://www.ensigninfosecurity.com/
Enumeration status route accessed for domain: https://www.ensigninfosecurity.com/
Enumeration status route accessed for domain: https://www.ensigninfosecurity.com/
Enumeration status route accessed for domain: https://www.ensigninfosecurity.com/
Enumeration status route accessed for domain: https://www.ensigninfosecurity.com/
Enumeration status route accessed for domain: https://www.ensigninfosecurity.com/
Enumeration status route accessed for domain: https://www.ensigninfosecurity.com/
Enumeration status route accessed for domain: https://www.ensigninfosecurity.com/
Enumeration status route accessed for domain: https://www.ensigninfosecurity.com/
Enumeration status route accessed for domain: https://www.ensigninfosecurity.com/
Enumeration status route accessed for domain: https://www.ensigninfosecurity.com/
Enumeration status route accessed for domain: https://www.ensigninfosecurity.com/
Enumeration status route accessed for domain: https://www.ensigninfosecurity.com/
Enumeration status route accessed for domain: https://www.ensigninfosecurity.com/
Enumeration status route accessed for domain: https://www.ensigninfosecurity.com/
Enumeration status route accessed for domain: https://www.ensigninfosecurity.com/
Enumeration status route accessed for domain: https://www.ensigninfosecurity.com/
Enumeration status route accessed for domain: https://www.ensigninfosecurity.com/
Enumeration status route accessed for domain: https://www.ensigninfosecurity.com/
Enumeration status route accessed for domain: https://www.ensigninfosecurity.com/
Enumeration status route accessed for domain: https://www.ensigninfosecurity.com/
Enumeration status route accessed for domain: https://www.ensigninfosecurity.com/
Enumeration status route accessed for domain: https://www.ensigninfosecurity.com/
Enumeration status route accessed for domain: https://www.ensigninfosecurity.com/
Enumeration status route accessed for domain: https://www.ensigninfosecurity.com/
Enumeration status route accessed for domain: https://www.ensigninfosecurity.com/
Enumeration status route accessed for domain: https://www.ensigninfosecurity.com/
Enumeration status route accessed for domain: https://www.ensigninfosecurity.com/
Enumeration status route accessed for domain: https://www.ensigninfosecurity.com/
Enumeration status route accessed for domain: https://www.ensigninfosecurity.com/
Enumeration status route accessed for domain: https://www.ensigninfosecurity.com/
Enumeration status route accessed for domain: https://www.ensigninfosecurity.com/
Enumeration status route accessed for domain: https://www.ensigninfosecurity.com/
Enumeration status route accessed for domain: https://www.ensigninfosecurity.com/
Enumeration status route accessed for domain: https://www.ensigninfosecurity.com/
Enumeration status route accessed for domain: https://www.ensigninfosecurity.com/
Enumeration status route accessed for domain: https://www.ensigninfosecurity.com/
Enumeration status route accessed for domain: https://www.ensigninfosecurity.com/
Enumeration status route accessed for domain: https://www.ensigninfosecurity.com/
Enumeration status route accessed for domain: https://www.ensigninfosecurity.com/
Enumeration status route accessed for domain: https://www.ensigninfosecurity.com/
Enumeration status route accessed for domain: https://www.ensigninfosecurity.com/
Enumeration status route accessed for domain: https://www.ensigninfosecurity.com/
Enumeration status route accessed for domain: https://www.ensigninfosecurity.com/
Enumeration status route accessed for domain: https://www.ensigninfosecurity.com/
Enumeration status route accessed for domain: https://www.ensigninfosecurity.com/
Enumeration status route accessed for domain: https://www.ensigninfosecurity.com/
Enumeration status route accessed for domain: https://www.ensigninfosecurity.com/
Enumeration status route accessed for domain: https://www.ensigninfosecurity.com/
Enumeration status route accessed for domain: https://www.ensigninfosecurity.com/
Enumeration status route accessed for domain: https://www.ensigninfosecurity.com/
Enumeration status route accessed for domain: https://www.ensigninfosecurity.com/
Enumeration status route accessed for domain: https://www.ensigninfosecurity.com/
Enumeration status route accessed for domain: https://www.ensigninfosecurity.com/
Enumeration status route accessed for domain: https://www.ensigninfosecurity.com/
Enumeration status route accessed for domain: https://www.ensigninfosecurity.com/
Enumeration status route accessed for domain: https://www.ensigninfosecurity.com/
Enumeration status route accessed for domain: https://www.ensigninfosecurity.com/
Enumeration status route accessed for domain: https://www.ensigninfosecurity.com/
Enumeration status route accessed for domain: https://www.ensigninfosecurity.com/
Enumeration status route accessed for domain: https://www.ensigninfosecurity.com/
Enumeration status route accessed for domain: https://www.ensigninfosecurity.com/
Enumeration status route accessed for domain: https://www.ensigninfosecurity.com/
Starting the application
Index route accessed
404 error: 404 Not Found: The requested URL was not found on the server. If you entered the URL manually please check your spelling and try again., URL: http://127.0.0.1:5000/static/particles.js, Method: GET
Search route accessed
Enumerate route accessed
Enumeration status route accessed for domain: https://www.ensigninfosecurity.com/
Enumeration status route accessed for domain: https://www.ensigninfosecurity.com/
Enumeration status route accessed for domain: https://www.ensigninfosecurity.com/
Enumeration status route accessed for domain: https://www.ensigninfosecurity.com/
Starting the application
Index route accessed
404 error: 404 Not Found: The requested URL was not found on the server. If you entered the URL manually please check your spelling and try again., URL: http://127.0.0.1:5000/static/particles.js, Method: GET
Search route accessed
Enumerate route accessed
Enumeration status route accessed for domain: https://www.ensigninfosecurity.com/
Enumeration status route accessed for domain: https://www.ensigninfosecurity.com/
Enumeration status route accessed for domain: https://www.ensigninfosecurity.com/
Enumeration status route accessed for domain: https://www.ensigninfosecurity.com/
Starting the application
Enumerate route accessed
Enumeration status route accessed for domain: https://www.ensigninfosecurity.com/
Enumeration status route accessed for domain: https://www.ensigninfosecurity.com/
Index route accessed
404 error: 404 Not Found: The requested URL was not found on the server. If you entered the URL manually please check your spelling and try again., URL: http://127.0.0.1:5000/static/particles.js, Method: GET
Search route accessed
Starting the application
Index route accessed
404 error: 404 Not Found: The requested URL was not found on the server. If you entered the URL manually please check your spelling and try again., URL: http://127.0.0.1:5000/static/particles.js, Method: GET
Search route accessed
Search route accessed
Enumerate route accessed
Enumeration status route accessed for domain: https://www.ensigninfosecurity.com/
Enumeration status route accessed for domain: https://www.ensigninfosecurity.com/
Enumeration status route accessed for domain: https://www.ensigninfosecurity.com/
Enumeration status route accessed for domain: https://www.ensigninfosecurity.com/
Enumeration status route accessed for domain: https://www.ensigninfosecurity.com/
Enumeration status route accessed for domain: https://www.ensigninfosecurity.com/
